Determining if the pthread_create exist failed with the following output:
Change Dir: /home/workspace/SFND_Lidar_Obstacle_Detection/src/quiz/ransac/build/CMakeFiles/CMakeTmp

Run Build Command:"/usr/bin/make" "cmTC_e3f80/fast"
/usr/bin/make -f CMakeFiles/cmTC_e3f80.dir/build.make CMakeFiles/cmTC_e3f80.dir/build
make[1]: Entering directory '/home/workspace/SFND_Lidar_Obstacle_Detection/src/quiz/ransac/build/CMakeFiles/CMakeTmp'
Building C object CMakeFiles/cmTC_e3f80.dir/CheckSymbolExists.c.o
/usr/bin/cc    -o CMakeFiles/cmTC_e3f80.dir/CheckSymbolExists.c.o   -c /home/workspace/SFND_Lidar_Obstacle_Detection/src/quiz/ransac/build/CMakeFiles/CMakeTmp/CheckSymbolExists.c
Linking C executable cmTC_e3f80
/usr/local/bin/cmake -E cmake_link_script CMakeFiles/cmTC_e3f80.dir/link.txt --verbose=1
/usr/bin/cc      -rdynamic CMakeFiles/cmTC_e3f80.dir/CheckSymbolExists.c.o  -o cmTC_e3f80 
CMakeFiles/cmTC_e3f80.dir/CheckSymbolExists.c.o: In function `main':
CheckSymbolExists.c:(.text+0x16): undefined reference to `pthread_create'
collect2: error: ld returned 1 exit status
CMakeFiles/cmTC_e3f80.dir/build.make:86: recipe for target 'cmTC_e3f80' failed
make[1]: *** [cmTC_e3f80] Error 1
make[1]: Leaving directory '/home/workspace/SFND_Lidar_Obstacle_Detection/src/quiz/ransac/build/CMakeFiles/CMakeTmp'
Makefile:121: recipe for target 'cmTC_e3f80/fast' failed
make: *** [cmTC_e3f80/fast] Error 2

File /home/workspace/SFND_Lidar_Obstacle_Detection/src/quiz/ransac/build/CMakeFiles/CMakeTmp/CheckSymbolExists.c:
/* */
#include <pthread.h>

int main(int argc, char** argv)
{
  (void)argv;
#ifndef pthread_create
  return ((int*)(&pthread_create))[argc];
#else
  (void)argc;
  return 0;
#endif
}

Determining if the function pthread_create exists in the pthreads failed with the following output:
Change Dir: /home/workspace/SFND_Lidar_Obstacle_Detection/src/quiz/ransac/build/CMakeFiles/CMakeTmp

Run Build Command:"/usr/bin/make" "cmTC_71697/fast"
/usr/bin/make -f CMakeFiles/cmTC_71697.dir/build.make CMakeFiles/cmTC_71697.dir/build
make[1]: Entering directory '/home/workspace/SFND_Lidar_Obstacle_Detection/src/quiz/ransac/build/CMakeFiles/CMakeTmp'
Building C object CMakeFiles/cmTC_71697.dir/CheckFunctionExists.c.o
/usr/bin/cc   -DCHECK_FUNCTION_EXISTS=pthread_create   -o CMakeFiles/cmTC_71697.dir/CheckFunctionExists.c.o   -c /usr/local/share/cmake-3.13/Modules/CheckFunctionExists.c
Linking C executable cmTC_71697
/usr/local/bin/cmake -E cmake_link_script CMakeFiles/cmTC_71697.dir/link.txt --verbose=1
/usr/bin/cc  -DCHECK_FUNCTION_EXISTS=pthread_create    -rdynamic CMakeFiles/cmTC_71697.dir/CheckFunctionExists.c.o  -o cmTC_71697 -lpthreads 
/usr/bin/ld: cannot find -lpthreads
collect2: error: ld returned 1 exit status
CMakeFiles/cmTC_71697.dir/build.make:86: recipe for target 'cmTC_71697' failed
make[1]: *** [cmTC_71697] Error 1
make[1]: Leaving directory '/home/workspace/SFND_Lidar_Obstacle_Detection/src/quiz/ransac/build/CMakeFiles/CMakeTmp'
Makefile:121: recipe for target 'cmTC_71697/fast' failed
make: *** [cmTC_71697/fast] Error 2


